Jul 17, 2026 3:57:44 PM com.githubtrends.client.GithubClient findTrendingRepositories
INFO: Sending request to GitHub API.
Jul 17, 2026 3:57:44 PM com.githubtrends.client.GithubClient findTrendingRepositories
INFO: Request URL: https://api.github.com/search/repositories?q=language:java&sort=stars&order=desc&per_page=10&page=1
Jul 17, 2026 3:57:44 PM com.githubtrends.client.GithubClient findTrendingRepositories
INFO: GitHub API request completed in 2 ms.
Jul 17, 2026 3:57:44 PM com.githubtrends.client.GithubClient findTrendingRepositories
INFO: Response status: 401
Jul 17, 2026 3:57:44 PM com.githubtrends.client.GithubClient findTrendingRepositories
SEVERE: Authentication failed.
Jul 17, 2026 3:57:44 PM com.githubtrends.client.GithubClient findTrendingRepositories
INFO: Sending request to GitHub API.
Jul 17, 2026 3:57:44 PM com.githubtrends.client.GithubClient findTrendingRepositories
INFO: Request URL: https://api.github.com/search/repositories?q=language:java&sort=stars&order=desc&per_page=10&page=1
Jul 17, 2026 3:57:44 PM com.githubtrends.client.GithubClient findTrendingRepositories
INFO: GitHub API request completed in 0 ms.
Jul 17, 2026 3:57:44 PM com.githubtrends.client.GithubClient findTrendingRepositories
INFO: Response status: 403
Jul 17, 2026 3:57:44 PM com.githubtrends.client.GithubClient findTrendingRepositories
SEVERE: GitHub rate limit exceeded.
Jul 17, 2026 3:57:44 PM com.githubtrends.client.GithubClient findTrendingRepositories
INFO: Sending request to GitHub API.
Jul 17, 2026 3:57:44 PM com.githubtrends.client.GithubClient findTrendingRepositories
INFO: Request URL: https://api.github.com/search/repositories?q=language:java&sort=stars&order=desc&per_page=10&page=1
Jul 17, 2026 3:57:44 PM com.githubtrends.client.GithubClient findTrendingRepositories
INFO: GitHub API request completed in 0 ms.
Jul 17, 2026 3:57:44 PM com.githubtrends.client.GithubClient findTrendingRepositories
INFO: Response status: 404
Jul 17, 2026 3:57:44 PM com.githubtrends.client.GithubClient findTrendingRepositories
SEVERE: GitHub resource not found.
Jul 17, 2026 3:57:44 PM com.githubtrends.client.GithubClient findTrendingRepositories
INFO: Sending request to GitHub API.
Jul 17, 2026 3:57:44 PM com.githubtrends.client.GithubClient findTrendingRepositories
INFO: Request URL: https://api.github.com/search/repositories?q=language:java&sort=stars&order=desc&per_page=10&page=1
Jul 17, 2026 3:57:44 PM com.githubtrends.client.GithubClient findTrendingRepositories
INFO: GitHub API request completed in 1 ms.
Jul 17, 2026 3:57:44 PM com.githubtrends.client.GithubClient findTrendingRepositories
INFO: Response status: 500
Jul 17, 2026 3:57:44 PM com.githubtrends.client.GithubClient findTrendingRepositories
SEVERE: GitHub server error.
Jul 17, 2026 3:57:44 PM com.githubtrends.client.GithubClient findTrendingRepositories
INFO: Sending request to GitHub API.
Jul 17, 2026 3:57:44 PM com.githubtrends.client.GithubClient findTrendingRepositories
INFO: Request URL: https://api.github.com/search/repositories?q=language:java&sort=stars&order=desc&per_page=10&page=1
Jul 17, 2026 3:57:44 PM com.githubtrends.client.GithubClient findTrendingRepositories
INFO: GitHub API request completed in 0 ms.
Jul 17, 2026 3:57:44 PM com.githubtrends.client.GithubClient findTrendingRepositories
INFO: Response status: 200
Jul 17, 2026 3:57:44 PM com.githubtrends.client.GithubClient findTrendingRepositories
INFO: Successfully received response from GitHub.
Jul 17, 2026 3:57:44 PM com.githubtrends.client.GithubClient findTrendingRepositories
INFO: Sending request to GitHub API.
Jul 17, 2026 3:57:44 PM com.githubtrends.client.GithubClient findTrendingRepositories
INFO: Request URL: https://api.github.com/search/repositories?q=language:java&sort=stars&order=desc&per_page=10&page=1
Jul 17, 2026 3:57:44 PM com.githubtrends.client.GithubClient findTrendingRepositories
INFO: GitHub API request completed in 0 ms.
Jul 17, 2026 3:57:44 PM com.githubtrends.client.GithubClient findTrendingRepositories
INFO: Response status: 418
Jul 17, 2026 3:57:44 PM com.githubtrends.client.GithubClient findTrendingRepositories
SEVERE: GitHub API returned unexpected status code: 418
